[debug] [2023-04-25T07:46:50.062Z] ----------------------------------------------------------------------
[debug] [2023-04-25T07:46:50.064Z] Command:       C:\Program Files\nodejs\node.exe C:\Users\aremo\AppData\Roaming\npm\node_modules\firebase-tools\lib\bin\firebase.js init
[debug] [2023-04-25T07:46:50.065Z] CLI Version:   11.28.0
[debug] [2023-04-25T07:46:50.065Z] Platform:      win32
[debug] [2023-04-25T07:46:50.065Z] Node Version:  v18.15.0
[debug] [2023-04-25T07:46:50.067Z] Time:          Tue Apr 25 2023 09:46:50 GMT+0200 (centraleuropeisk sommartid)
[debug] [2023-04-25T07:46:50.067Z] ----------------------------------------------------------------------
[debug] 
[debug] [2023-04-25T07:46:50.075Z] > command requires scopes: ["email","openid","https://www.googleapis.com/auth/cloudplatformprojects.readonly","https://www.googleapis.com/auth/firebase","https://www.googleapis.com/auth/cloud-platform"]
[debug] [2023-04-25T07:46:50.076Z] > authorizing via signed-in user (mo.arefi1991@gmail.com)
[info] 
     ######## #### ########  ######## ########     ###     ######  ########
     ##        ##  ##     ## ##       ##     ##  ##   ##  ##       ##
     ######    ##  ########  ######   ########  #########  ######  ######
     ##        ##  ##    ##  ##       ##     ## ##     ##       ## ##
     ##       #### ##     ## ######## ########  ##     ##  ######  ########

You're about to initialize a Firebase project in this directory:

  C:\Users\aremo\ArbetsformedlingenLIA\AFJobSquare

[info] 
=== Project Setup
[info] 
[info] First, let's associate this project directory with a Firebase project.
[info] You can create multiple project aliases by running firebase use --add, 
[info] but for now we'll just set up a default project.
[info] 
[debug] [2023-04-25T07:46:54.511Z] >>> [apiv2][query] GET https://firebase.googleapis.com/v1beta1/projects pageSize=100
[debug] [2023-04-25T07:46:54.757Z] Failed to make request to https://firebase.googleapis.com/v1beta1/projects?pageSize=100
[debug] [2023-04-25T07:46:54.841Z] FirebaseError: Failed to make request to https://firebase.googleapis.com/v1beta1/projects?pageSize=100
    at RetryOperation._fn (C:\Users\aremo\AppData\Roaming\npm\node_modules\firebase-tools\lib\apiv2.js:242:31)
    at process.processTicksAndRejections (node:internal/process/task_queues:95:5)
[error] 
[error] Error: Failed to list Firebase projects. See firebase-debug.log for more info.
